<?xml version="1.0" encoding="UTF-8"?>
<testsuite xmlns:xsi="http://www.w3.org/2001/XMLSchema-instance" xsi:noNamespaceSchemaLocation="https://maven.apache.org/surefire/maven-surefire-plugin/xsd/surefire-test-report.xsd" name="TestSuite" time="68.701" tests="5" errors="0" skipped="0" failures="1">
  <properties>
[...]
</properties>
  <testcase name="validLoginTest1" classname="com.TestCase.LoginTestCase" time="6.678"/>
  <testcase name="validLoginTest1" classname="com.TestCase.LoginTestCase" time="4.386"/>
  <testcase name="invalidLoginTest" classname="com.TestCase.LoginTestCase" time="1.153"/>
  <testcase name="invalidLoginTest" classname="com.TestCase.LoginTestCase" time="0.459"/>
  <testcase name="teardown" classname="com.TestCase.LoginTestCase" time="25.509">
    <failure message="Timed out waiting for driver server to stop.&#10;Build info: version: &apos;4.6.0&apos;, revision: &apos;79f1c02ae20&apos;&#10;System info: os.name: &apos;Windows 10&apos;, os.arch: &apos;amd64&apos;, os.version: &apos;10.0&apos;, java.version: &apos;11.0.15.1&apos;&#10;Driver info: org.openqa.selenium.firefox.FirefoxDriver&#10;Command: [c71ef17a-ef04-4700-b324-48f732e42370, quit {}]&#10;Capabilities {acceptInsecureCerts: true, browserName: firefox, browserVersion: 107.0, moz:accessibilityChecks: false, moz:buildID: 20221110173214, moz:debuggerAddress: 127.0.0.1:23572, moz:geckodriverVersion: 0.32.0, moz:headless: false, moz:platformVersion: 10.0, moz:processID: 6684, moz:profile: C:\Users\khitish\AppData\Lo..., moz:shutdownTimeout: 60000, moz:useNonSpecCompliantPointerOrigin: false, moz:webdriverClick: true, moz:windowless: false, pageLoadStrategy: normal, platformName: WINDOWS, proxy: Proxy(), se:cdp: ws://127.0.0.1:23572/devtoo..., se:cdpVersion: 85.0, setWindowRect: true, strictFileInteractability: false, timeouts: {implicit: 0, pageLoad: 300000, script: 30000}, unhandledPromptBehavior: dismiss and notify}&#10;Session ID: c71ef17a-ef04-4700-b324-48f732e42370" type="org.openqa.selenium.WebDriverException">org.openqa.selenium.WebDriverException: 
Timed out waiting for driver server to stop.
Build info: version: '4.6.0', revision: '79f1c02ae20'
System info: os.name: 'Windows 10', os.arch: 'amd64', os.version: '10.0', java.version: '11.0.15.1'
Driver info: org.openqa.selenium.firefox.FirefoxDriver
Command: [c71ef17a-ef04-4700-b324-48f732e42370, quit {}]
Capabilities {acceptInsecureCerts: true, browserName: firefox, browserVersion: 107.0, moz:accessibilityChecks: false, moz:buildID: 20221110173214, moz:debuggerAddress: 127.0.0.1:23572, moz:geckodriverVersion: 0.32.0, moz:headless: false, moz:platformVersion: 10.0, moz:processID: 6684, moz:profile: C:\Users\khitish\AppData\Lo..., moz:shutdownTimeout: 60000, moz:useNonSpecCompliantPointerOrigin: false, moz:webdriverClick: true, moz:windowless: false, pageLoadStrategy: normal, platformName: WINDOWS, proxy: Proxy(), se:cdp: ws://127.0.0.1:23572/devtoo..., se:cdpVersion: 85.0, setWindowRect: true, strictFileInteractability: false, timeouts: {implicit: 0, pageLoad: 300000, script: 30000}, unhandledPromptBehavior: dismiss and notify}
Session ID: c71ef17a-ef04-4700-b324-48f732e42370
Caused by: java.util.concurrent.ExecutionException: 
org.openqa.selenium.TimeoutException: Process timed out after waiting for 20000 ms.
Build info: version: '4.6.0', revision: '79f1c02ae20'
System info: os.name: 'Windows 10', os.arch: 'amd64', os.version: '10.0', java.version: '11.0.15.1'
Driver info: driver.version: unknown
Caused by: org.openqa.selenium.TimeoutException: 
Process timed out after waiting for 20000 ms.
Build info: version: '4.6.0', revision: '79f1c02ae20'
System info: os.name: 'Windows 10', os.arch: 'amd64', os.version: '10.0', java.version: '11.0.15.1'
Driver info: driver.version: unknown
</failure>
    <system-err><![CDATA[1669783131670	Marionette	INFO	Stopped listening on port 51621
JavaScript error: resource://gre/modules/Sqlite.sys.mjs, line 997: Error: Connection is not open.
console.log: "RemoteSettingsWorker error: Error: Can't import when we've started shutting down."
console.log: "RemoteSettingsWorker error: Error: Can't import when we've started shutting down."
console.log: "RemoteSettingsWorker error: Error: Can't import when we've started shutting down."
console.log: "RemoteSettingsWorker error: Error: Can't import when we've started shutting down."
console.log: "RemoteSettingsWorker error: Error: Can't import when we've started shutting down."
console.error: (new Error("SessionFile is closed", "resource:///modules/sessionstore/SessionFile.jsm", 380))
Nov 30, 2022 10:09:16 AM org.openqa.selenium.concurrent.ExecutorServices shutdownGracefully
WARNING: Failed to shutdown Driver Command Executor
]]></system-err>
  </testcase>
</testsuite>