<?xml version="1.0" encoding="UTF-8"?>
<testng-results ignored="0" total="4" passed="4" failed="0" skipped="0">
  <reporter-output>
  </reporter-output>
  <suite started-at="2022-11-30T10:25:29 IST" name="Login Test" finished-at="2022-11-30T10:27:44 IST" duration-ms="135015">
    <groups>
    </groups>
    <test started-at="2022-11-30T10:25:29 IST" name="Chrome Test" finished-at="2022-11-30T10:26:11 IST" duration-ms="42372">
      <class name="com.TestCase.LoginTestCase">
        <test-method is-config="true" signature="setup(java.lang.String)[pri:0, instance:com.TestCase.LoginTestCase@20ccf40b]" started-at="2022-11-30T10:25:29 IST" name="setup" finished-at="2022-11-30T10:25:39 IST" duration-ms="10418" status="PASS">
          <params>
            <param index="0">
              <value>
                <![CDATA[chrome]]>
              </value>
            </param>
          </params>
          <reporter-output>
          </reporter-output>
        </test-method> <!-- setup -->
        <test-method signature="validLoginTest1()[pri:1, instance:com.TestCase.LoginTestCase@20ccf40b]" started-at="2022-11-30T10:25:39 IST" name="validLoginTest1" finished-at="2022-11-30T10:25:49 IST" duration-ms="10121" status="PASS">
          <reporter-output>
          </reporter-output>
        </test-method> <!-- validLoginTest1 -->
        <test-method is-config="true" signature="teardown()[pri:0, instance:com.TestCase.LoginTestCase@20ccf40b]" started-at="2022-11-30T10:25:49 IST" name="teardown" finished-at="2022-11-30T10:25:53 IST" duration-ms="3514" status="PASS">
          <reporter-output>
          </reporter-output>
        </test-method> <!-- teardown -->
        <test-method is-config="true" signature="setup(java.lang.String)[pri:0, instance:com.TestCase.LoginTestCase@20ccf40b]" started-at="2022-11-30T10:25:53 IST" name="setup" finished-at="2022-11-30T10:26:06 IST" duration-ms="12935" status="PASS">
          <params>
            <param index="0">
              <value>
                <![CDATA[chrome]]>
              </value>
            </param>
          </params>
          <reporter-output>
          </reporter-output>
        </test-method> <!-- setup -->
        <test-method signature="invalidLoginTest()[pri:2, instance:com.TestCase.LoginTestCase@20ccf40b]" started-at="2022-11-30T10:26:06 IST" name="invalidLoginTest" finished-at="2022-11-30T10:26:08 IST" duration-ms="1724" status="PASS">
          <reporter-output>
          </reporter-output>
        </test-method> <!-- invalidLoginTest -->
        <test-method is-config="true" signature="teardown()[pri:0, instance:com.TestCase.LoginTestCase@20ccf40b]" started-at="2022-11-30T10:26:08 IST" name="teardown" finished-at="2022-11-30T10:26:11 IST" duration-ms="3561" status="PASS">
          <reporter-output>
          </reporter-output>
        </test-method> <!-- teardown -->
      </class> <!-- com.TestCase.LoginTestCase -->
    </test> <!-- Chrome Test -->
    <test started-at="2022-11-30T10:25:29 IST" name="Firefox Test" finished-at="2022-11-30T10:27:44 IST" duration-ms="135014">
      <class name="com.TestCase.LoginTestCase">
        <test-method is-config="true" signature="setup(java.lang.String)[pri:0, instance:com.TestCase.LoginTestCase@3527942a]" started-at="2022-11-30T10:25:29 IST" name="setup" finished-at="2022-11-30T10:25:49 IST" duration-ms="19778" status="PASS">
          <params>
            <param index="0">
              <value>
                <![CDATA[firefox]]>
              </value>
            </param>
          </params>
          <reporter-output>
          </reporter-output>
        </test-method> <!-- setup -->
        <test-method signature="validLoginTest1()[pri:1, instance:com.TestCase.LoginTestCase@3527942a]" started-at="2022-11-30T10:25:49 IST" name="validLoginTest1" finished-at="2022-11-30T10:26:19 IST" duration-ms="29861" status="PASS">
          <reporter-output>
          </reporter-output>
        </test-method> <!-- validLoginTest1 -->
        <test-method is-config="true" signature="teardown()[pri:0, instance:com.TestCase.LoginTestCase@3527942a]" started-at="2022-11-30T10:26:19 IST" name="teardown" finished-at="2022-11-30T10:26:23 IST" duration-ms="3986" status="PASS">
          <reporter-output>
          </reporter-output>
        </test-method> <!-- teardown -->
        <test-method is-config="true" signature="setup(java.lang.String)[pri:0, instance:com.TestCase.LoginTestCase@3527942a]" started-at="2022-11-30T10:26:23 IST" name="setup" finished-at="2022-11-30T10:26:33 IST" duration-ms="10236" status="PASS">
          <params>
            <param index="0">
              <value>
                <![CDATA[firefox]]>
              </value>
            </param>
          </params>
          <reporter-output>
          </reporter-output>
        </test-method> <!-- setup -->
        <test-method signature="invalidLoginTest()[pri:2, instance:com.TestCase.LoginTestCase@3527942a]" started-at="2022-11-30T10:26:33 IST" name="invalidLoginTest" finished-at="2022-11-30T10:26:33 IST" duration-ms="488" status="PASS">
          <reporter-output>
          </reporter-output>
        </test-method> <!-- invalidLoginTest -->
        <test-method is-config="true" signature="teardown()[pri:0, instance:com.TestCase.LoginTestCase@3527942a]" started-at="2022-11-30T10:26:33 IST" name="teardown" finished-at="2022-11-30T10:27:44 IST" duration-ms="70575" status="PASS">
          <reporter-output>
          </reporter-output>
        </test-method> <!-- teardown -->
      </class> <!-- com.TestCase.LoginTestCase -->
    </test> <!-- Firefox Test -->
  </suite> <!-- Login Test -->
</testng-results>
